-------------------------------------------------------------------------------
Test set: com.medicalServiceSystem.treatment.TreatmentMicroServiceApplicationTests
-------------------------------------------------------------------------------
Tests run: 1, Failures: 0, Errors: 1, Skipped: 0, Time elapsed: 1.692 s <<< FAILURE! - in com.medicalServiceSystem.treatment.TreatmentMicroServiceApplicationTests
com.medicalServiceSystem.treatment.TreatmentMicroServiceApplicationTests  Time elapsed: 1.687 s  <<< ERROR!
java.lang.IllegalStateException: Unable to find a @SpringBootConfiguration, you need to use @ContextConfiguration or @SpringBootTest(classes=...) with your test

